Sat  7 Mar 14:46:05 GMT 2020: Booting up OpenMaStAr.
Sat  7 Mar 14:47:49 GMT 2020: Booting up OpenMaStAr.
OGN Card not available
Sat  7 Mar 14:50:10 GMT 2020: Booting up OpenMaStAr.
OGN Card not available
Sat  7 Mar 14:55:20 GMT 2020: Booting up OpenMaStAr.
OGN Card available -> starting SoftRF
Sat  7 Mar 14:55:41 GMT 2020: Booting up OpenMaStAr.
OGN Card available -> starting SoftRF
Sat  7 Mar 14:57:46 GMT 2020: Booting up OpenMaStAr.
OGN Card available -> starting SoftRF
Sat  7 Mar 14:59:42 GMT 2020: Booting up OpenMaStAr.
OGN Card available -> starting SoftRF
Sat  7 Mar 15:06:33 GMT 2020: Booting up OpenMaStAr.
OGN Card available -> starting SoftRF
Sat  7 Mar 15:40:11 GMT 2020: Booting up OpenMaStAr.
OGN Card available -> starting SoftRF
Sat  7 Mar 15:43:19 GMT 2020: Booting up OpenMaStAr.
OGN Card available -> starting SoftRF
Sat  7 Mar 15:43:42 GMT 2020: Booting up OpenMaStAr.
OGN Card available -> starting SoftRF
Sat  7 Mar 15:45:57 GMT 2020: Booting up OpenMaStAr.
OGN Card available -> starting SoftRF
Sat  7 Mar 16:08:41 GMT 2020: Booting up OpenMaStAr.
OGN Card available -> starting SoftRF
Sat  7 Mar 16:14:10 GMT 2020: Booting up OpenMaStAr.
OGN Card available -> starting SoftRF
Sat  7 Mar 19:51:55 GMT 2020: Booting up OpenMaStAr.
OGN Card available -> starting SoftRF
Sun  8 Mar 11:23:53 GMT 2020: Booting up OpenMaStAr.
OGN Card available -> starting SoftRF
Sun  8 Mar 11:28:24 GMT 2020: Booting up OpenMaStAr.
OGN Card available -> starting SoftRF
So 8. Mär 16:52:00 GMT 2020: Booting up OpenMaStAr.
OGN Card available -> starting SoftRF
So 8. Mär 18:17:20 GMT 2020: Booting up OpenMaStAr.
OGN Card available -> starting SoftRF
So 8. Mär 20:37:18 GMT 2020: Booting up OpenMaStAr.
OGN Card available -> starting SoftRF
So 8. Mär 20:39:12 GMT 2020: Booting up OpenMaStAr.
OGN Card available -> starting SoftRF
OGN Card sucessfully started
So 8. Mär 20:41:21 GMT 2020: Booting up OpenMaStAr.
OGN Card not available
So 8. Mär 20:47:12 GMT 2020: Booting up OpenMaStAr.
OGN Card available -> starting SoftRF
OGN Card sucessfully started
Xcsoar Startup deactivated
So 8. Mär 20:47:40 GMT 2020: Booting up OpenMaStAr.
OGN Card available -> starting SoftRF
OGN Card sucessfully started
Xcsoar Startup deactivated
So 8. Mär 21:03:56 GMT 2020: Booting up OpenMaStAr.
OGN Card available -> starting SoftRF
OGN Card sucessfully started
Xcsoar Startup deactivated
So 8. Mär 21:04:31 GMT 2020: Booting up OpenMaStAr.
OGN Card available -> starting SoftRF
OGN Card sucessfully started
Xcsoar Startup active -> Starting now
So 8. Mär 21:05:09 GMT 2020: Booting up OpenMaStAr.
OGN Card available -> starting SoftRF
OGN Card sucessfully started
Xcsoar Startup active -> Starting now
So 8. Mär 21:28:36 GMT 2020: Booting up OpenMaStAr.
OGN Card available -> starting SoftRF
So 8. Mär 21:30:25 GMT 2020: Booting up OpenMaStAr.
OGN Card available -> starting SoftRF
